2025-06-04T11:14:53.680+1200 [INFO] [org.gradle.internal.nativeintegration.services.NativeServices] Initialized native services in: /Users/elaina/.gradle/native
2025-06-04T11:14:53.695+1200 [INFO] [org.gradle.internal.nativeintegration.services.NativeServices] Initialized jansi services in: /Users/elaina/.gradle/native
2025-06-04T11:14:53.699+1200 [LIFECYCLE] [org.gradle.launcher.cli.DebugLoggerWarningAction] 
#############################################################################
   WARNING WARNING WARNING WARNING WARNING WARNING WARNING WARNING WARNING

   Debug level logging will leak security sensitive information!

   For more details, please refer to https://docs.gradle.org/8.10.2/userguide/logging.html#sec:debug_security in the Gradle documentation.
#############################################################################

2025-06-04T11:14:53.722+1200 [INFO] [org.gradle.internal.jvm.inspection.DefaultJvmMetadataDetector] Received JVM installation metadata from '/Library/Java/JavaVirtualMachines/jdk-17.jdk/Contents/Home': {JAVA_HOME=/Library/Java/JavaVirtualMachines/jdk-17.jdk/Contents/Home, JAVA_VERSION=17.0.12, JAVA_VENDOR=Oracle Corporation, RUNTIME_NAME=Java(TM) SE Runtime Environment, RUNTIME_VERSION=17.0.12+8-LTS-286, VM_NAME=Java HotSpot(TM) 64-Bit Server VM, VM_VERSION=17.0.12+8-LTS-286, VM_VENDOR=Oracle Corporation, OS_ARCH=aarch64}
2025-06-04T11:14:53.740+1200 [DEBUG] [org.gradle.internal.instrumentation.agent.AgentControl] Agent org.gradle.instrumentation.agent.Agent is not loaded
2025-06-04T11:14:53.762+1200 [LIFECYCLE] [org.gradle.launcher.daemon.client.SingleUseDaemonClient] To honour the JVM settings for this build a single-use Daemon process will be forked. For more on this, please refer to https://docs.gradle.org/8.10.2/userguide/gradle_daemon.html#sec:disabling_the_daemon in the Gradle documentation.
2025-06-04T11:14:53.781+1200 [DEBUG] [org.gradle.launcher.daemon.client.DefaultDaemonStarter] Using daemon args: [/Library/Java/JavaVirtualMachines/jdk-17.jdk/Contents/Home/bin/java, -XX:MaxMetaspaceSize=512m, --add-opens=java.base/java.util=ALL-UNNAMED, --add-opens=java.base/java.lang=ALL-UNNAMED, --add-opens=java.base/java.lang.invoke=ALL-UNNAMED, --add-opens=java.prefs/java.util.prefs=ALL-UNNAMED, --add-exports=jdk.compiler/com.sun.tools.javac.api=ALL-UNNAMED, --add-exports=jdk.compiler/com.sun.tools.javac.util=ALL-UNNAMED, --add-opens=java.base/java.nio.charset=ALL-UNNAMED, --add-opens=java.base/java.net=ALL-UNNAMED, --add-opens=java.base/java.util.concurrent.atomic=ALL-UNNAMED, -Xmx2048m, -Dfile.encoding=UTF-8, -Duser.country=NZ, -Duser.language=en, -Duser.variant, -cp, /Users/elaina/.gradle/wrapper/dists/gradle-8.10.2-all/7iv73wktx1xtkvlq19urqw1wm/gradle-8.10.2/lib/gradle-daemon-main-8.10.2.jar, -javaagent:/Users/elaina/.gradle/wrapper/dists/gradle-8.10.2-all/7iv73wktx1xtkvlq19urqw1wm/gradle-8.10.2/lib/agents/gradle-instrumentation-agent-8.10.2.jar]
2025-06-04T11:14:53.783+1200 [DEBUG] [org.gradle.launcher.daemon.client.DefaultDaemonStarter] Starting daemon process: workingDir = /Users/elaina/.gradle/daemon/8.10.2, daemonArgs: [/Library/Java/JavaVirtualMachines/jdk-17.jdk/Contents/Home/bin/java, -XX:MaxMetaspaceSize=512m, --add-opens=java.base/java.util=ALL-UNNAMED, --add-opens=java.base/java.lang=ALL-UNNAMED, --add-opens=java.base/java.lang.invoke=ALL-UNNAMED, --add-opens=java.prefs/java.util.prefs=ALL-UNNAMED, --add-exports=jdk.compiler/com.sun.tools.javac.api=ALL-UNNAMED, --add-exports=jdk.compiler/com.sun.tools.javac.util=ALL-UNNAMED, --add-opens=java.base/java.nio.charset=ALL-UNNAMED, --add-opens=java.base/java.net=ALL-UNNAMED, --add-opens=java.base/java.util.concurrent.atomic=ALL-UNNAMED, -Xmx2048m, -Dfile.encoding=UTF-8, -Duser.country=NZ, -Duser.language=en, -Duser.variant, -cp, /Users/elaina/.gradle/wrapper/dists/gradle-8.10.2-all/7iv73wktx1xtkvlq19urqw1wm/gradle-8.10.2/lib/gradle-daemon-main-8.10.2.jar, -javaagent:/Users/elaina/.gradle/wrapper/dists/gradle-8.10.2-all/7iv73wktx1xtkvlq19urqw1wm/gradle-8.10.2/lib/agents/gradle-instrumentation-agent-8.10.2.jar, org.gradle.launcher.daemon.bootstrap.GradleDaemon, 8.10.2]
2025-06-04T11:14:53.787+1200 [INFO] [org.gradle.process.internal.DefaultExecHandle] Starting process 'Gradle build daemon'. Working directory: /Users/elaina/.gradle/daemon/8.10.2 Command: /Library/Java/JavaVirtualMachines/jdk-17.jdk/Contents/Home/bin/java -XX:MaxMetaspaceSize=512m --add-opens=java.base/java.util=ALL-UNNAMED --add-opens=java.base/java.lang=ALL-UNNAMED --add-opens=java.base/java.lang.invoke=ALL-UNNAMED --add-opens=java.prefs/java.util.prefs=ALL-UNNAMED --add-exports=jdk.compiler/com.sun.tools.javac.api=ALL-UNNAMED --add-exports=jdk.compiler/com.sun.tools.javac.util=ALL-UNNAMED --add-opens=java.base/java.nio.charset=ALL-UNNAMED --add-opens=java.base/java.net=ALL-UNNAMED --add-opens=java.base/java.util.concurrent.atomic=ALL-UNNAMED -Xmx2048m -Dfile.encoding=UTF-8 -Duser.country=NZ -Duser.language=en -Duser.variant -cp /Users/elaina/.gradle/wrapper/dists/gradle-8.10.2-all/7iv73wktx1xtkvlq19urqw1wm/gradle-8.10.2/lib/gradle-daemon-main-8.10.2.jar -javaagent:/Users/elaina/.gradle/wrapper/dists/gradle-8.10.2-all/7iv73wktx1xtkvlq19urqw1wm/gradle-8.10.2/lib/agents/gradle-instrumentation-agent-8.10.2.jar org.gradle.launcher.daemon.bootstrap.GradleDaemon 8.10.2
2025-06-04T11:14:53.787+1200 [DEBUG] [org.gradle.process.internal.DefaultExecHandle] Changing state to: STARTING
2025-06-04T11:14:53.788+1200 [DEBUG] [org.gradle.process.internal.DefaultExecHandle] Waiting until process started: Gradle build daemon.
2025-06-04T11:14:53.794+1200 [DEBUG] [org.gradle.process.internal.DefaultExecHandle] Changing state to: STARTED
2025-06-04T11:14:53.794+1200 [DEBUG] [org.gradle.process.internal.ExecHandleRunner] waiting until streams are handled...
2025-06-04T11:14:53.794+1200 [INFO] [org.gradle.process.internal.DefaultExecHandle] Successfully started process 'Gradle build daemon'
2025-06-04T11:14:53.794+1200 [DEBUG] [org.gradle.launcher.daemon.client.DefaultDaemonStarter] Gradle daemon process is starting. Waiting for the daemon to detach...
2025-06-04T11:14:53.794+1200 [DEBUG] [org.gradle.launcher.daemon.bootstrap.DaemonOutputConsumer] Starting consuming the daemon process output.
2025-06-04T11:14:54.232+1200 [DEBUG] [org.gradle.launcher.daemon.bootstrap.DaemonOutputConsumer] daemon out: Daemon started. About to close the streams. Daemon details: 0100053131303031002466353331393763362d343130342d343935372d616532662d333331323739383264336561b676c8accffe4153934c2e56c02a26720000f10000000001000000047f00000100382f55736572732f656c61696e612f2e677261646c652f6461656d6f6e2f382e31302e322f6461656d6f6e2d31313030312e6f75742e6c6f67
2025-06-04T11:14:54.233+1200 [DEBUG] [org.gradle.process.internal.DefaultExecHandle] Changing state to: DETACHED
2025-06-04T11:14:54.233+1200 [DEBUG] [org.gradle.process.internal.DefaultExecHandle] Process 'Gradle build daemon' finished with exit value 0 (state: DETACHED)
2025-06-04T11:14:54.233+1200 [DEBUG] [org.gradle.launcher.daemon.client.DefaultDaemonStarter] Gradle daemon process is now detached.
2025-06-04T11:14:54.235+1200 [INFO] [org.gradle.launcher.daemon.client.DefaultDaemonStarter] An attempt to start the daemon took 0.451 secs.
2025-06-04T11:14:54.235+1200 [DEBUG] [org.gradle.launcher.daemon.client.DefaultDaemonConnector] Started Gradle daemon DaemonStartupInfo{pid=11001, uid=f53197c6-4104-4957-ae2f-33127982d3ea, address=[b676c8ac-cffe-4153-934c-2e56c02a2672 port:61696, addresses:[/127.0.0.1]], diagnostics={pid=11001, daemonLog=/Users/elaina/.gradle/daemon/8.10.2/daemon-11001.out.log}}
2025-06-04T11:14:54.238+1200 [DEBUG] [org.gradle.internal.remote.internal.inet.InetAddresses] Adding IP addresses for network interface utun3
2025-06-04T11:14:54.238+1200 [DEBUG] [org.gradle.internal.remote.internal.inet.InetAddresses] Is this a loopback interface? false
2025-06-04T11:14:54.238+1200 [DEBUG] [org.gradle.internal.remote.internal.inet.InetAddresses] Adding remote address /fe80:0:0:0:ce81:b1c:bd2c:69e%utun3
2025-06-04T11:14:54.238+1200 [DEBUG] [org.gradle.internal.remote.internal.inet.InetAddresses] Adding IP addresses for network interface utun2
2025-06-04T11:14:54.238+1200 [DEBUG] [org.gradle.internal.remote.internal.inet.InetAddresses] Is this a loopback interface? false
2025-06-04T11:14:54.238+1200 [DEBUG] [org.gradle.internal.remote.internal.inet.InetAddresses] Adding remote address /fe80:0:0:0:f826:a769:282:d454%utun2
2025-06-04T11:14:54.238+1200 [DEBUG] [org.gradle.internal.remote.internal.inet.InetAddresses] Adding IP addresses for network interface utun1
2025-06-04T11:14:54.238+1200 [DEBUG] [org.gradle.internal.remote.internal.inet.InetAddresses] Is this a loopback interface? false
2025-06-04T11:14:54.238+1200 [DEBUG] [org.gradle.internal.remote.internal.inet.InetAddresses] Adding remote address /fe80:0:0:0:9e9c:db74:1def:2cb1%utun1
2025-06-04T11:14:54.238+1200 [DEBUG] [org.gradle.internal.remote.internal.inet.InetAddresses] Adding IP addresses for network interface utun0
2025-06-04T11:14:54.238+1200 [DEBUG] [org.gradle.internal.remote.internal.inet.InetAddresses] Is this a loopback interface? false
2025-06-04T11:14:54.238+1200 [DEBUG] [org.gradle.internal.remote.internal.inet.InetAddresses] Adding remote address /fe80:0:0:0:88b2:f8a4:af48:a2cc%utun0
2025-06-04T11:14:54.238+1200 [DEBUG] [org.gradle.internal.remote.internal.inet.InetAddresses] Adding IP addresses for network interface llw0
2025-06-04T11:14:54.238+1200 [DEBUG] [org.gradle.internal.remote.internal.inet.InetAddresses] Is this a loopback interface? false
2025-06-04T11:14:54.238+1200 [DEBUG] [org.gradle.internal.remote.internal.inet.InetAddresses] Adding remote address /fe80:0:0:0:a488:a6ff:fedf:8856%llw0
2025-06-04T11:14:54.238+1200 [DEBUG] [org.gradle.internal.remote.internal.inet.InetAddresses] Adding IP addresses for network interface awdl0
2025-06-04T11:14:54.238+1200 [DEBUG] [org.gradle.internal.remote.internal.inet.InetAddresses] Is this a loopback interface? false
2025-06-04T11:14:54.238+1200 [DEBUG] [org.gradle.internal.remote.internal.inet.InetAddresses] Adding remote address /fe80:0:0:0:a488:a6ff:fedf:8856%awdl0
2025-06-04T11:14:54.238+1200 [DEBUG] [org.gradle.internal.remote.internal.inet.InetAddresses] Adding IP addresses for network interface ap1
2025-06-04T11:14:54.238+1200 [DEBUG] [org.gradle.internal.remote.internal.inet.InetAddresses] Is this a loopback interface? false
2025-06-04T11:14:54.238+1200 [DEBUG] [org.gradle.internal.remote.internal.inet.InetAddresses] Adding remote address /fe80:0:0:0:68ca:c4ff:fe9e:e846%ap1
2025-06-04T11:14:54.238+1200 [DEBUG] [org.gradle.internal.remote.internal.inet.InetAddresses] Adding IP addresses for network interface en0
2025-06-04T11:14:54.238+1200 [DEBUG] [org.gradle.internal.remote.internal.inet.InetAddresses] Is this a loopback interface? false
2025-06-04T11:14:54.238+1200 [DEBUG] [org.gradle.internal.remote.internal.inet.InetAddresses] Adding remote address /fe80:0:0:0:8b4:8c6:1b3b:66ce%en0
2025-06-04T11:14:54.238+1200 [DEBUG] [org.gradle.internal.remote.internal.inet.InetAddresses] Adding remote address /172.29.3.145
2025-06-04T11:14:54.238+1200 [DEBUG] [org.gradle.internal.remote.internal.inet.InetAddresses] Adding IP addresses for network interface lo0
2025-06-04T11:14:54.238+1200 [DEBUG] [org.gradle.internal.remote.internal.inet.InetAddresses] Is this a loopback interface? true
2025-06-04T11:14:54.238+1200 [DEBUG] [org.gradle.internal.remote.internal.inet.InetAddresses] Ignoring remote address on loopback interface /fe80:0:0:0:0:0:0:1%lo0
2025-06-04T11:14:54.238+1200 [DEBUG] [org.gradle.internal.remote.internal.inet.InetAddresses] Adding loopback address /0:0:0:0:0:0:0:1%lo0
2025-06-04T11:14:54.238+1200 [DEBUG] [org.gradle.internal.remote.internal.inet.InetAddresses] Adding loopback address /127.0.0.1
2025-06-04T11:14:54.248+1200 [DEBUG] [org.gradle.cache.internal.DefaultFileLockManager] Waiting to acquire shared lock on daemon addresses registry.
2025-06-04T11:14:54.249+1200 [DEBUG] [org.gradle.cache.internal.DefaultFileLockManager] Lock acquired on daemon addresses registry.
2025-06-04T11:14:54.250+1200 [DEBUG] [org.gradle.cache.internal.DefaultFileLockManager] Releasing lock on daemon addresses registry.
2025-06-04T11:14:54.250+1200 [DEBUG] [org.gradle.internal.remote.internal.inet.TcpOutgoingConnector] Attempting to connect to [b676c8ac-cffe-4153-934c-2e56c02a2672 port:61696, addresses:[/127.0.0.1]].
2025-06-04T11:14:54.250+1200 [DEBUG] [org.gradle.internal.remote.internal.inet.TcpOutgoingConnector] Trying to connect to address /127.0.0.1.
2025-06-04T11:14:54.252+1200 [DEBUG] [org.gradle.internal.remote.internal.inet.TcpOutgoingConnector] Connected to address /127.0.0.1:61696.
2025-06-04T11:14:54.257+1200 [DEBUG] [org.gradle.launcher.daemon.client.DaemonClient] Connected to daemon DaemonInfo{pid=11001, address=[b676c8ac-cffe-4153-934c-2e56c02a2672 port:61696, addresses:[/127.0.0.1]], state=Busy, lastBusy=1748992494229, context=DefaultDaemonContext[uid=f53197c6-4104-4957-ae2f-33127982d3ea,javaHome=/Library/Java/JavaVirtualMachines/jdk-17.jdk/Contents/Home,javaVersion=17,javaVendor=Oracle Corporation,daemonRegistryDir=/Users/elaina/.gradle/daemon,pid=11001,idleTimeout=120000,priority=NORMAL,applyInstrumentationAgent=true,nativeServicesMode=ENABLED,daemonOpts=-XX:MaxMetaspaceSize=512m,--add-opens=java.base/java.util=ALL-UNNAMED,--add-opens=java.base/java.lang=ALL-UNNAMED,--add-opens=java.base/java.lang.invoke=ALL-UNNAMED,--add-opens=java.prefs/java.util.prefs=ALL-UNNAMED,--add-exports=jdk.compiler/com.sun.tools.javac.api=ALL-UNNAMED,--add-exports=jdk.compiler/com.sun.tools.javac.util=ALL-UNNAMED,--add-opens=java.base/java.nio.charset=ALL-UNNAMED,--add-opens=java.base/java.net=ALL-UNNAMED,--add-opens=java.base/java.util.concurrent.atomic=ALL-UNNAMED,-Xmx2048m,-Dfile.encoding=UTF-8,-Duser.country=NZ,-Duser.language=en,-Duser.variant]}. Dispatching request Build{id=79ced9f4-65a2-4025-8c46-744eebaf0776, currentDir=/Users/elaina/Documents/GitHub/BarBuddy/BarBuddy/android}.
2025-06-04T11:14:54.257+1200 [DEBUG] [org.gradle.launcher.daemon.client.DaemonClientConnection] thread 1: dispatching class org.gradle.launcher.daemon.protocol.Build
2025-06-04T11:14:54.272+1200 [DEBUG] [org.gradle.launcher.daemon.client.DaemonClient] Received result org.gradle.launcher.daemon.protocol.BuildStarted@207ea13 from daemon DaemonInfo{pid=11001, address=[b676c8ac-cffe-4153-934c-2e56c02a2672 port:61696, addresses:[/127.0.0.1]], state=Busy, lastBusy=1748992494229, context=DefaultDaemonContext[uid=f53197c6-4104-4957-ae2f-33127982d3ea,javaHome=/Library/Java/JavaVirtualMachines/jdk-17.jdk/Contents/Home,javaVersion=17,javaVendor=Oracle Corporation,daemonRegistryDir=/Users/elaina/.gradle/daemon,pid=11001,idleTimeout=120000,priority=NORMAL,applyInstrumentationAgent=true,nativeServicesMode=ENABLED,daemonOpts=-XX:MaxMetaspaceSize=512m,--add-opens=java.base/java.util=ALL-UNNAMED,--add-opens=java.base/java.lang=ALL-UNNAMED,--add-opens=java.base/java.lang.invoke=ALL-UNNAMED,--add-opens=java.prefs/java.util.prefs=ALL-UNNAMED,--add-exports=jdk.compiler/com.sun.tools.javac.api=ALL-UNNAMED,--add-exports=jdk.compiler/com.sun.tools.javac.util=ALL-UNNAMED,--add-opens=java.base/java.nio.charset=ALL-UNNAMED,--add-opens=java.base/java.net=ALL-UNNAMED,--add-opens=java.base/java.util.concurrent.atomic=ALL-UNNAMED,-Xmx2048m,-Dfile.encoding=UTF-8,-Duser.country=NZ,-Duser.language=en,-Duser.variant]} (build should be starting).
2025-06-04T11:14:54.273+1200 [INFO] [org.gradle.launcher.daemon.server.exec.LogToClient] The client will now receive all logging from the daemon (pid: 11001). The daemon log file: /Users/elaina/.gradle/daemon/8.10.2/daemon-11001.out.log
2025-06-04T11:14:54.273+1200 [DEBUG] [org.gradle.launcher.daemon.server.exec.RequestStopIfSingleUsedDaemon] Requesting daemon stop after processing Build{id=79ced9f4-65a2-4025-8c46-744eebaf0776, currentDir=/Users/elaina/Documents/GitHub/BarBuddy/BarBuddy/android}
2025-06-04T11:14:54.274+1200 [LIFECYCLE] [org.gradle.launcher.daemon.server.DaemonStateCoordinator] Daemon will be stopped at the end of the build 
2025-06-04T11:14:54.274+1200 [DEBUG] [org.gradle.launcher.daemon.server.DaemonStateCoordinator] Stop as soon as idle requested. The daemon is busy
2025-06-04T11:14:54.274+1200 [DEBUG] [org.gradle.launcher.daemon.server.DaemonStateCoordinator] daemon stop has been requested. Sleeping until state changes.
2025-06-04T11:14:54.274+1200 [DEBUG] [org.gradle.launcher.daemon.server.exec.ExecuteBuild] The daemon has started executing the build.
2025-06-04T11:14:54.274+1200 [DEBUG] [org.gradle.launcher.daemon.server.exec.ExecuteBuild] Executing build with daemon context: DefaultDaemonContext[uid=f53197c6-4104-4957-ae2f-33127982d3ea,javaHome=/Library/Java/JavaVirtualMachines/jdk-17.jdk/Contents/Home,javaVersion=17,javaVendor=Oracle Corporation,daemonRegistryDir=/Users/elaina/.gradle/daemon,pid=11001,idleTimeout=120000,priority=NORMAL,applyInstrumentationAgent=true,nativeServicesMode=ENABLED,daemonOpts=-XX:MaxMetaspaceSize=512m,--add-opens=java.base/java.util=ALL-UNNAMED,--add-opens=java.base/java.lang=ALL-UNNAMED,--add-opens=java.base/java.lang.invoke=ALL-UNNAMED,--add-opens=java.prefs/java.util.prefs=ALL-UNNAMED,--add-exports=jdk.compiler/com.sun.tools.javac.api=ALL-UNNAMED,--add-exports=jdk.compiler/com.sun.tools.javac.util=ALL-UNNAMED,--add-opens=java.base/java.nio.charset=ALL-UNNAMED,--add-opens=java.base/java.net=ALL-UNNAMED,--add-opens=java.base/java.util.concurrent.atomic=ALL-UNNAMED,-Xmx2048m,-Dfile.encoding=UTF-8,-Duser.country=NZ,-Duser.language=en,-Duser.variant]
2025-06-04T11:14:54.371+1200 [DEBUG] [org.gradle.cache.internal.DefaultCacheCoordinator] Creating new cache for file-access, path /Users/elaina/.gradle/caches/journal-1/file-access.bin, access org.gradle.cache.internal.DefaultCacheCoordinator@7fb94b68
2025-06-04T11:14:54.374+1200 [DEBUG] [org.gradle.cache.internal.DefaultInMemoryCacheDecoratorFactory] Creating in-memory store for cache /Users/elaina/.gradle/caches/journal-1/file-access.bin (max size: 24900)
2025-06-04T11:14:54.375+1200 [DEBUG] [org.gradle.cache.internal.LockOnDemandCrossProcessCacheAccess] Acquiring file lock for journal cache (/Users/elaina/.gradle/caches/journal-1)
2025-06-04T11:14:54.375+1200 [DEBUG] [org.gradle.cache.internal.locklistener.DefaultFileLockContentionHandler] Starting file lock listener thread.
2025-06-04T11:14:54.375+1200 [DEBUG] [org.gradle.cache.internal.DefaultFileLockManager] Waiting to acquire exclusive lock on journal cache (/Users/elaina/.gradle/caches/journal-1).
2025-06-04T11:14:54.375+1200 [DEBUG] [org.gradle.cache.internal.DefaultFileLockManager] Lock acquired on journal cache (/Users/elaina/.gradle/caches/journal-1).
2025-06-04T11:14:54.383+1200 [DEBUG] [org.gradle.cache.internal.DefaultCacheCoordinator] Creating new cache for resourceHashesCache, path /Users/elaina/.gradle/caches/8.10.2/fileHashes/resourceHashesCache.bin, access org.gradle.cache.internal.DefaultCacheCoordinator@791e5b89
2025-06-04T11:14:54.383+1200 [DEBUG] [org.gradle.cache.internal.DefaultInMemoryCacheDecoratorFactory] Creating in-memory store for cache /Users/elaina/.gradle/caches/8.10.2/fileHashes/resourceHashesCache.bin (max size: 998900)
2025-06-04T11:14:54.383+1200 [DEBUG] [org.gradle.cache.internal.LockOnDemandCrossProcessCacheAccess] Acquiring file lock for file hash cache (/Users/elaina/.gradle/caches/8.10.2/fileHashes)
2025-06-04T11:14:54.384+1200 [DEBUG] [org.gradle.cache.internal.DefaultFileLockManager] Waiting to acquire exclusive lock on file hash cache (/Users/elaina/.gradle/caches/8.10.2/fileHashes).
2025-06-04T11:14:54.384+1200 [DEBUG] [org.gradle.cache.internal.DefaultFileLockManager] Lock acquired on file hash cache (/Users/elaina/.gradle/caches/8.10.2/fileHashes).
2025-06-04T11:14:54.389+1200 [DEBUG] [org.gradle.cache.internal.DefaultCacheCoordinator] Creating new cache for fileHashes, path /Users/elaina/.gradle/caches/8.10.2/fileHashes/fileHashes.bin, access org.gradle.cache.internal.DefaultCacheCoordinator@791e5b89
2025-06-04T11:14:54.389+1200 [DEBUG] [org.gradle.cache.internal.DefaultInMemoryCacheDecoratorFactory] Creating in-memory store for cache /Users/elaina/.gradle/caches/8.10.2/fileHashes/fileHashes.bin (max size: 998900)
2025-06-04T11:14:54.414+1200 [INFO] [org.gradle.internal.work.DefaultWorkerLeaseService] Using 8 worker leases.
2025-06-04T11:14:54.419+1200 [DEBUG] [org.gradle.internal.resources.AbstractTrackedResourceLock] Daemon worker: acquired lock on worker lease
2025-06-04T11:14:54.421+1200 [DEBUG] [org.gradle.internal.operations.DefaultBuildOperationRunner] Build operation 'Run build' started
2025-06-04T11:14:54.499+1200 [INFO] [org.gradle.internal.jvm.inspection.DefaultJvmMetadataDetector] Received JVM installation metadata from '/Library/Java/JavaVirtualMachines/jdk-17.jdk/Contents/Home': {JAVA_HOME=/Library/Java/JavaVirtualMachines/jdk-17.jdk/Contents/Home, JAVA_VERSION=17.0.12, JAVA_VENDOR=Oracle Corporation, RUNTIME_NAME=Java(TM) SE Runtime Environment, RUNTIME_VERSION=17.0.12+8-LTS-286, VM_NAME=Java HotSpot(TM) 64-Bit Server VM, VM_VERSION=17.0.12+8-LTS-286, VM_VENDOR=Oracle Corporation, OS_ARCH=aarch64}
2025-06-04T11:14:54.549+1200 [DEBUG] [org.gradle.cache.internal.DefaultCacheCoordinator] Creating new cache for fileHashes, path /Users/elaina/Documents/GitHub/BarBuddy/BarBuddy/android/.gradle/8.10.2/fileHashes/fileHashes.bin, access org.gradle.cache.internal.DefaultCacheCoordinator@19bdf008
2025-06-04T11:14:54.549+1200 [DEBUG] [org.gradle.cache.internal.DefaultInMemoryCacheDecoratorFactory] Creating in-memory store for cache /Users/elaina/Documents/GitHub/BarBuddy/BarBuddy/android/.gradle/8.10.2/fileHashes/fileHashes.bin (max size: 998900)
2025-06-04T11:14:54.549+1200 [DEBUG] [org.gradle.cache.internal.LockOnDemandCrossProcessCacheAccess] Acquiring file lock for file hash cache (/Users/elaina/Documents/GitHub/BarBuddy/BarBuddy/android/.gradle/8.10.2/fileHashes)
2025-06-04T11:14:54.549+1200 [DEBUG] [org.gradle.cache.internal.DefaultFileLockManager] Waiting to acquire exclusive lock on file hash cache (/Users/elaina/Documents/GitHub/BarBuddy/BarBuddy/android/.gradle/8.10.2/fileHashes).
2025-06-04T11:14:54.550+1200 [DEBUG] [org.gradle.cache.internal.DefaultFileLockManager] Lock acquired on file hash cache (/Users/elaina/Documents/GitHub/BarBuddy/BarBuddy/android/.gradle/8.10.2/fileHashes).
2025-06-04T11:14:54.551+1200 [DEBUG] [org.gradle.cache.internal.DefaultCacheCoordinator] Creating new cache for outputFiles, path /Users/elaina/Documents/GitHub/BarBuddy/BarBuddy/android/.gradle/buildOutputCleanup/outputFiles.bin, access org.gradle.cache.internal.DefaultCacheCoordinator@471aa32b
2025-06-04T11:14:54.552+1200 [DEBUG] [org.gradle.cache.internal.DefaultInMemoryCacheDecoratorFactory] Creating in-memory store for cache /Users/elaina/Documents/GitHub/BarBuddy/BarBuddy/android/.gradle/buildOutputCleanup/outputFiles.bin (max size: 249700)
2025-06-04T11:14:54.552+1200 [DEBUG] [org.gradle.cache.internal.LockOnDemandCrossProcessCacheAccess] Acquiring file lock for Build Output Cleanup Cache (/Users/elaina/Documents/GitHub/BarBuddy/BarBuddy/android/.gradle/buildOutputCleanup)
2025-06-04T11:14:54.552+1200 [DEBUG] [org.gradle.cache.internal.DefaultFileLockManager] Waiting to acquire exclusive lock on Build Output Cleanup Cache (/Users/elaina/Documents/GitHub/BarBuddy/BarBuddy/android/.gradle/buildOutputCleanup).
2025-06-04T11:14:54.552+1200 [DEBUG] [org.gradle.cache.internal.DefaultFileLockManager] Lock acquired on Build Output Cleanup Cache (/Users/elaina/Documents/GitHub/BarBuddy/BarBuddy/android/.gradle/buildOutputCleanup).
2025-06-04T11:14:54.573+1200 [DEBUG] [org.gradle.cache.internal.DefaultCacheCoordinator] Creating new cache for resourceHashesCache, path /Users/elaina/Documents/GitHub/BarBuddy/BarBuddy/android/.gradle/8.10.2/fileHashes/resourceHashesCache.bin, access org.gradle.cache.internal.DefaultCacheCoordinator@19bdf008
2025-06-04T11:14:54.573+1200 [DEBUG] [org.gradle.cache.internal.DefaultInMemoryCacheDecoratorFactory] Creating in-memory store for cache /Users/elaina/Documents/GitHub/BarBuddy/BarBuddy/android/.gradle/8.10.2/fileHashes/resourceHashesCache.bin (max size: 1997800)
2025-06-04T11:14:54.606+1200 [INFO] [org.gradle.tooling.internal.provider.FileSystemWatchingBuildActionRunner] Watching the file system is configured to be enabled if available
2025-06-04T11:14:54.606+1200 [DEBUG] [org.gradle.tooling.internal.provider.FileSystemWatchingBuildActionRunner] Watching the file system computed to be enabled if available
2025-06-04T11:14:54.607+1200 [DEBUG] [org.gradle.internal.operations.DefaultBuildOperationRunner] Build operation 'Build started for file system watching' started
2025-06-04T11:14:54.608+1200 [DEBUG] [org.gradle.internal.watch.vfs.impl.DefaultWatchableFileSystemDetector] Detected apfs: / from /dev/disk3s1s1 (remote: false)
2025-06-04T11:14:54.608+1200 [DEBUG] [org.gradle.internal.watch.vfs.impl.DefaultWatchableFileSystemDetector] Detected devfs: /dev from devfs (remote: false)
2025-06-04T11:14:54.608+1200 [DEBUG] [org.gradle.internal.watch.vfs.impl.DefaultWatchableFileSystemDetector] Detected apfs: /System/Volumes/VM from /dev/disk3s6 (remote: false)
2025-06-04T11:14:54.608+1200 [DEBUG] [org.gradle.internal.watch.vfs.impl.DefaultWatchableFileSystemDetector] Detected apfs: /System/Volumes/Preboot from /dev/disk3s2 (remote: false)
2025-06-04T11:14:54.608+1200 [DEBUG] [org.gradle.internal.watch.vfs.impl.DefaultWatchableFileSystemDetector] Detected apfs: /System/Volumes/Update from /dev/disk3s4 (remote: false)
2025-06-04T11:14:54.608+1200 [DEBUG] [org.gradle.internal.watch.vfs.impl.DefaultWatchableFileSystemDetector] Detected apfs: /System/Volumes/xarts from /dev/disk1s2 (remote: false)
2025-06-04T11:14:54.608+1200 [DEBUG] [org.gradle.internal.watch.vfs.impl.DefaultWatchableFileSystemDetector] Detected apfs: /System/Volumes/iSCPreboot from /dev/disk1s1 (remote: false)
2025-06-04T11:14:54.608+1200 [DEBUG] [org.gradle.internal.watch.vfs.impl.DefaultWatchableFileSystemDetector] Detected apfs: /System/Volumes/Hardware from /dev/disk1s3 (remote: false)
2025-06-04T11:14:54.608+1200 [DEBUG] [org.gradle.internal.watch.vfs.impl.DefaultWatchableFileSystemDetector] Detected apfs: /System/Volumes/Data from /dev/disk3s5 (remote: false)
2025-06-04T11:14:54.608+1200 [DEBUG] [org.gradle.internal.watch.vfs.impl.DefaultWatchableFileSystemDetector] Detected autofs: /System/Volumes/Data/home from map auto_home (remote: true)
2025-06-04T11:14:54.608+1200 [DEBUG] [org.gradle.internal.watch.vfs.impl.DefaultWatchableFileSystemDetector] Detected apfs: /System/Volumes/Update/SFR/mnt1 from /dev/disk2s1 (remote: false)
2025-06-04T11:14:54.608+1200 [DEBUG] [org.gradle.internal.watch.vfs.impl.DefaultWatchableFileSystemDetector] Detected hfs: /Volumes/Android Studio - Meerkat Feature Drop | 2024.3.2 Patch 1 from /dev/disk4s2 (remote: false)
2025-06-04T11:14:54.608+1200 [DEBUG] [org.gradle.internal.watch.vfs.impl.DefaultWatchableFileSystemDetector] Detected hfs: /Volumes/JDK 17.0.12 from /dev/disk5s1 (remote: false)
2025-06-04T11:14:54.608+1200 [DEBUG] [org.gradle.internal.watch.vfs.impl.DefaultWatchableFileSystemDetector] Detected apfs: /System/Volumes/Update/mnt1 from /dev/disk3s1 (remote: false)
2025-06-04T11:14:54.612+1200 [DEBUG] [org.gradle.internal.watch.registry.impl.DefaultFileWatcherRegistry] Started listening to file system change events
2025-06-04T11:14:54.620+1200 [INFO] [org.gradle.internal.watch.registry.impl.WatchableHierarchies] Now considering [/Users/elaina/Documents/GitHub/BarBuddy/BarBuddy/android] as hierarchies to watch
2025-06-04T11:14:54.620+1200 [DEBUG] [org.gradle.internal.watch.registry.impl.DefaultFileWatcherProbeRegistry] Registering probe for /Users/elaina/Documents/GitHub/BarBuddy/BarBuddy/android
2025-06-04T11:14:54.623+1200 [DEBUG] [org.gradle.internal.operations.DefaultBuildOperationRunner] Completing Build operation 'Build started for file system watching'
2025-06-04T11:14:54.623+1200 [DEBUG] [org.gradle.internal.operations.DefaultBuildOperationRunner] Build operation 'Build started for file system watching' completed
2025-06-04T11:14:54.624+1200 [INFO] [org.gradle.tooling.internal.provider.FileSystemWatchingBuildActionRunner] File system watching is active
2025-06-04T11:14:54.629+1200 [DEBUG] [org.gradle.internal.operations.DefaultBuildOperationRunner] Build operation 'Load build' started
2025-06-04T11:14:54.636+1200 [DEBUG] [org.gradle.initialization.properties.DefaultProjectPropertiesLoader] Found env project properties: []
2025-06-04T11:14:54.636+1200 [DEBUG] [org.gradle.initialization.properties.DefaultProjectPropertiesLoader] Found system project properties: []
2025-06-04T11:14:54.637+1200 [DEBUG] [org.gradle.internal.operations.DefaultBuildOperationRunner] Build operation 'Evaluate settings' started
2025-06-04T11:14:54.654+1200 [DEBUG] [org.gradle.cache.internal.DefaultCacheCoordinator] Creating new cache for workingDirs, path /Users/elaina/Documents/GitHub/BarBuddy/BarBuddy/android/.gradle/8.10.2/vcsMetadata/workingDirs.bin, access org.gradle.cache.internal.DefaultCacheCoordinator@4a9b1ae9
2025-06-04T11:14:54.689+1200 [DEBUG] [org.gradle.cache.internal.DefaultCacheCoordinator] Creating new cache for md5-checksums, path /Users/elaina/Documents/GitHub/BarBuddy/BarBuddy/android/.gradle/8.10.2/checksums/md5-checksums.bin, access org.gradle.cache.internal.DefaultCacheCoordinator@45dfafca
2025-06-04T11:14:54.689+1200 [DEBUG] [org.gradle.cache.internal.DefaultInMemoryCacheDecoratorFactory] Creating in-memory store for cache /Users/elaina/Documents/GitHub/BarBuddy/BarBuddy/android/.gradle/8.10.2/checksums/md5-checksums.bin (max size: 2400)
2025-06-04T11:14:54.689+1200 [DEBUG] [org.gradle.cache.internal.LockOnDemandCrossProcessCacheAccess] Acquiring file lock for checksums cache (/Users/elaina/Documents/GitHub/BarBuddy/BarBuddy/android/.gradle/8.10.2/checksums)
2025-06-04T11:14:54.689+1200 [DEBUG] [org.gradle.cache.internal.DefaultFileLockManager] Waiting to acquire exclusive lock on checksums cache (/Users/elaina/Documents/GitHub/BarBuddy/BarBuddy/android/.gradle/8.10.2/checksums).
2025-06-04T11:14:54.690+1200 [DEBUG] [org.gradle.cache.internal.DefaultFileLockManager] Lock acquired on checksums cache (/Users/elaina/Documents/GitHub/BarBuddy/BarBuddy/android/.gradle/8.10.2/checksums).
2025-06-04T11:14:54.690+1200 [DEBUG] [org.gradle.cache.internal.DefaultCacheCoordinator] Creating new cache for sha1-checksums, path /Users/elaina/Documents/GitHub/BarBuddy/BarBuddy/android/.gradle/8.10.2/checksums/sha1-checksums.bin, access org.gradle.cache.internal.DefaultCacheCoordinator@45dfafca
2025-06-04T11:14:54.690+1200 [DEBUG] [org.gradle.cache.internal.DefaultInMemoryCacheDecoratorFactory] Creating in-memory store for cache /Users/elaina/Documents/GitHub/BarBuddy/BarBuddy/android/.gradle/8.10.2/checksums/sha1-checksums.bin (max size: 2400)
2025-06-04T11:14:54.690+1200 [DEBUG] [org.gradle.cache.internal.DefaultCacheCoordinator] Creating new cache for sha256-checksums, path /Users/elaina/Documents/GitHub/BarBuddy/BarBuddy/android/.gradle/8.10.2/checksums/sha256-checksums.bin, access org.gradle.cache.internal.DefaultCacheCoordinator@45dfafca
2025-06-04T11:14:54.690+1200 [DEBUG] [org.gradle.cache.internal.DefaultInMemoryCacheDecoratorFactory] Creating in-memory store for cache /Users/elaina/Documents/GitHub/BarBuddy/BarBuddy/android/.gradle/8.10.2/checksums/sha256-checksums.bin (max size: 2400)
2025-06-04T11:14:54.690+1200 [DEBUG] [org.gradle.cache.internal.DefaultCacheCoordinator] Creating new cache for sha512-checksums, path /Users/elaina/Documents/GitHub/BarBuddy/BarBuddy/android/.gradle/8.10.2/checksums/sha512-checksums.bin, access org.gradle.cache.internal.DefaultCacheCoordinator@45dfafca
2025-06-04T11:14:54.690+1200 [DEBUG] [org.gradle.cache.internal.DefaultInMemoryCacheDecoratorFactory] Creating in-memory store for cache /Users/elaina/Documents/GitHub/BarBuddy/BarBuddy/android/.gradle/8.10.2/checksums/sha512-checksums.bin (max size: 2400)
2025-06-04T11:14:54.694+1200 [DEBUG] [org.gradle.api.internal.artifacts.mvnsettings.DefaultLocalMavenRepositoryLocator] No local repository in Settings file defined. Using default path: /Users/elaina/.m2/repository
2025-06-04T11:14:54.696+1200 [DEBUG] [org.gradle.cache.internal.DefaultCacheCoordinator] Creating new cache for java-modules, path /Users/elaina/.gradle/caches/8.10.2/fileContent/java-modules.bin, access org.gradle.cache.internal.DefaultCacheCoordinator@663da4d4
2025-06-04T11:14:54.697+1200 [DEBUG] [org.gradle.cache.internal.DefaultInMemoryCacheDecoratorFactory] Creating in-memory store for cache /Users/elaina/.gradle/caches/8.10.2/fileContent/java-modules.bin (max size: 49900)
2025-06-04T11:14:54.697+1200 [DEBUG] [org.gradle.cache.internal.LockOnDemandCrossProcessCacheAccess] Acquiring file lock for file content cache (/Users/elaina/.gradle/caches/8.10.2/fileContent)
2025-06-04T11:14:54.697+1200 [DEBUG] [org.gradle.cache.internal.DefaultFileLockManager] Waiting to acquire exclusive lock on file content cache (/Users/elaina/.gradle/caches/8.10.2/fileContent).
2025-06-04T11:14:54.697+1200 [DEBUG] [org.gradle.cache.internal.DefaultFileLockManager] Lock acquired on file content cache (/Users/elaina/.gradle/caches/8.10.2/fileContent).
2025-06-04T11:14:54.728+1200 [DEBUG] [org.gradle.cache.internal.DefaultCacheCoordinator] Creating new cache for md-rule, path /Users/elaina/.gradle/caches/8.10.2/md-rule/md-rule.bin, access org.gradle.cache.internal.DefaultCacheCoordinator@48316cf8
2025-06-04T11:14:54.728+1200 [DEBUG] [org.gradle.cache.internal.DefaultInMemoryCacheDecoratorFactory] Creating in-memory store for cache /Users/elaina/.gradle/caches/8.10.2/md-rule/md-rule.bin (max size: 4900)
2025-06-04T11:14:54.728+1200 [DEBUG] [org.gradle.cache.internal.LockOnDemandCrossProcessCacheAccess] Acquiring file lock for cache directory md-rule (/Users/elaina/.gradle/caches/8.10.2/md-rule)
2025-06-04T11:14:54.728+1200 [DEBUG] [org.gradle.cache.internal.DefaultFileLockManager] Waiting to acquire exclusive lock on cache directory md-rule (/Users/elaina/.gradle/caches/8.10.2/md-rule).
2025-06-04T11:14:54.728+1200 [DEBUG] [org.gradle.cache.internal.DefaultFileLockManager] Lock acquired on cache directory md-rule (/Users/elaina/.gradle/caches/8.10.2/md-rule).
2025-06-04T11:14:54.752+1200 [DEBUG] [org.gradle.cache.internal.DefaultCacheCoordinator] Creating new cache for md-supplier, path /Users/elaina/.gradle/caches/8.10.2/md-supplier/md-supplier.bin, access org.gradle.cache.internal.DefaultCacheCoordinator@1ea6625c
2025-06-04T11:14:54.752+1200 [DEBUG] [org.gradle.cache.internal.DefaultInMemoryCacheDecoratorFactory] Creating in-memory store for cache /Users/elaina/.gradle/caches/8.10.2/md-supplier/md-supplier.bin (max size: 4900)
2025-06-04T11:14:54.752+1200 [DEBUG] [org.gradle.cache.internal.LockOnDemandCrossProcessCacheAccess] Acquiring file lock for cache directory md-supplier (/Users/elaina/.gradle/caches/8.10.2/md-supplier)
2025-06-04T11:14:54.752+1200 [DEBUG] [org.gradle.cache.internal.DefaultFileLockManager] Waiting to acquire exclusive lock on cache directory md-supplier (/Users/elaina/.gradle/caches/8.10.2/md-supplier).
2025-06-04T11:14:54.752+1200 [DEBUG] [org.gradle.cache.internal.DefaultFileLockManager] Lock acquired on cache directory md-supplier (/Users/elaina/.gradle/caches/8.10.2/md-supplier).
2025-06-04T11:14:54.756+1200 [DEBUG] [org.gradle.internal.locking.LockFileReaderWriter] Lockfiles root: /Users/elaina/Documents/GitHub/BarBuddy/BarBuddy/android/gradle/dependency-locks
2025-06-04T11:14:54.923+1200 [INFO] [org.gradle.internal.buildevents.BuildLogger] Starting Build
2025-06-04T11:14:54.924+1200 [DEBUG] [org.gradle.internal.buildevents.BuildLogger] Gradle user home: /Users/elaina/.gradle
2025-06-04T11:14:54.924+1200 [DEBUG] [org.gradle.internal.buildevents.BuildLogger] Current dir: /Users/elaina/Documents/GitHub/BarBuddy/BarBuddy/android
2025-06-04T11:14:54.924+1200 [DEBUG] [org.gradle.internal.buildevents.BuildLogger] Settings file: null
2025-06-04T11:14:54.924+1200 [DEBUG] [org.gradle.internal.buildevents.BuildLogger] Build file: null
2025-06-04T11:14:54.930+1200 [DEBUG] [org.gradle.internal.operations.DefaultBuildOperationRunner] Build operation 'Apply settings file 'settings.gradle' to settings 'android'' started
2025-06-04T11:14:54.934+1200 [DEBUG] [org.gradle.internal.operations.DefaultBuildOperationRunner] Build operation 'Identifying work' started
2025-06-04T11:14:54.938+1200 [DEBUG] [org.gradle.internal.operations.DefaultBuildOperationRunner] Completing Build operation 'Identifying work'
2025-06-04T11:14:54.938+1200 [DEBUG] [org.gradle.internal.operations.DefaultBuildOperationRunner] Build operation 'Identifying work' completed
2025-06-04T11:14:54.940+1200 [DEBUG] [org.gradle.cache.internal.btree.BTreePersistentIndexedCache] Opening cache file-access.bin (/Users/elaina/.gradle/caches/journal-1/file-access.bin)
2025-06-04T11:14:54.944+1200 [DEBUG] [org.gradle.cache.internal.btree.BTreePersistentIndexedCache] Opening cache fileHashes.bin (/Users/elaina/.gradle/caches/8.10.2/fileHashes/fileHashes.bin)
2025-06-04T11:14:54.954+1200 [DEBUG] [org.gradle.cache.internal.LockOnDemandCrossProcessCacheAccess] Acquiring file lock for jars (/Users/elaina/.gradle/caches/jars-9)
2025-06-04T11:14:54.954+1200 [DEBUG] [org.gradle.cache.internal.DefaultFileLockManager] Waiting to acquire exclusive lock on jars (/Users/elaina/.gradle/caches/jars-9).
2025-06-04T11:14:54.955+1200 [DEBUG] [org.gradle.cache.internal.DefaultFileLockManager] Lock acquired on jars (/Users/elaina/.gradle/caches/jars-9).
2025-06-04T11:14:55.108+1200 [INFO] [org.gradle.internal.watch.registry.impl.WatchableHierarchies] Now considering [/Users/elaina/Documents/GitHub/BarBuddy/BarBuddy/node_modules/@react-native/gradle-plugin, /Users/elaina/Documents/GitHub/BarBuddy/BarBuddy/android] as hierarchies to watch
2025-06-04T11:14:55.108+1200 [DEBUG] [org.gradle.internal.watch.registry.impl.DefaultFileWatcherProbeRegistry] Registering probe for /Users/elaina/Documents/GitHub/BarBuddy/BarBuddy/node_modules/@react-native/gradle-plugin
2025-06-04T11:14:55.109+1200 [DEBUG] [org.gradle.cache.internal.DefaultCacheCoordinator] Creating new cache for outputFiles, path /Users/elaina/Documents/GitHub/BarBuddy/BarBuddy/node_modules/@react-native/gradle-plugin/.gradle/buildOutputCleanup/outputFiles.bin, access org.gradle.cache.internal.DefaultCacheCoordinator@4c1905f1
2025-06-04T11:14:55.109+1200 [DEBUG] [org.gradle.cache.internal.DefaultInMemoryCacheDecoratorFactory] Creating in-memory store for cache /Users/elaina/Documents/GitHub/BarBuddy/BarBuddy/node_modules/@react-native/gradle-plugin/.gradle/buildOutputCleanup/outputFiles.bin (max size: 249700)
2025-06-04T11:14:55.109+1200 [DEBUG] [org.gradle.cache.internal.LockOnDemandCrossProcessCacheAccess] Acquiring file lock for Build Output Cleanup Cache (/Users/elaina/Documents/GitHub/BarBuddy/BarBuddy/node_modules/@react-native/gradle-plugin/.gradle/buildOutputCleanup)
2025-06-04T11:14:55.110+1200 [DEBUG] [org.gradle.internal.operations.DefaultBuildOperationRunner] Completing Build operation 'Apply settings file 'settings.gradle' to settings 'android''
2025-06-04T11:14:55.110+1200 [DEBUG] [org.gradle.internal.operations.DefaultBuildOperationRunner] Build operation 'Apply settings file 'settings.gradle' to settings 'android'' completed
2025-06-04T11:14:55.110+1200 [DEBUG] [org.gradle.internal.operations.DefaultBuildOperationRunner] Completing Build operation 'Evaluate settings'
2025-06-04T11:14:55.110+1200 [DEBUG] [org.gradle.internal.operations.DefaultBuildOperationRunner] Build operation 'Evaluate settings' completed
2025-06-04T11:14:55.110+1200 [DEBUG] [org.gradle.internal.operations.DefaultBuildOperationRunner] Completing Build operation 'Load build'
2025-06-04T11:14:55.110+1200 [DEBUG] [org.gradle.internal.operations.DefaultBuildOperationRunner] Build operation 'Load build' completed
2025-06-04T11:14:55.111+1200 [DEBUG] [org.gradle.internal.operations.DefaultBuildOperationRunner] Build operation 'Finish root build tree' started
2025-06-04T11:14:55.111+1200 [DEBUG] [org.gradle.cache.internal.DefaultCacheCoordinator] Creating new cache for outputFiles, path /Users/elaina/Documents/GitHub/BarBuddy/BarBuddy/node_modules/@react-native/gradle-plugin/.gradle/buildOutputCleanup/outputFiles.bin, access org.gradle.cache.internal.DefaultCacheCoordinator@4c1905f1
2025-06-04T11:14:55.111+1200 [DEBUG] [org.gradle.cache.internal.LockOnDemandCrossProcessCacheAccess] Acquiring file lock for Build Output Cleanup Cache (/Users/elaina/Documents/GitHub/BarBuddy/BarBuddy/node_modules/@react-native/gradle-plugin/.gradle/buildOutputCleanup)
2025-06-04T11:14:55.111+1200 [DEBUG] [org.gradle.internal.operations.DefaultBuildOperationRunner] Completing Build operation 'Finish root build tree'
2025-06-04T11:14:55.111+1200 [DEBUG] [org.gradle.internal.operations.DefaultBuildOperationRunner] Build operation 'Finish root build tree' completed
2025-06-04T11:14:55.113+1200 [DEBUG] [org.gradle.internal.operations.DefaultBuildOperationRunner] Build operation 'Build finished for file system watching' started
2025-06-04T11:14:55.114+1200 [INFO] [org.gradle.internal.watch.registry.impl.HierarchicalFileWatcherUpdater] Watched directory hierarchies: []
2025-06-04T11:14:55.114+1200 [DEBUG] [org.gradle.internal.operations.DefaultBuildOperationRunner] Completing Build operation 'Build finished for file system watching'
2025-06-04T11:14:55.115+1200 [DEBUG] [org.gradle.internal.operations.DefaultBuildOperationRunner] Build operation 'Build finished for file system watching' completed
2025-06-04T11:14:55.116+1200 [DEBUG] [org.gradle.cache.internal.LockOnDemandCrossProcessCacheAccess] Releasing file lock for cache directory md-supplier (/Users/elaina/.gradle/caches/8.10.2/md-supplier)
2025-06-04T11:14:55.116+1200 [DEBUG] [org.gradle.cache.internal.DefaultFileLockManager] Releasing lock on cache directory md-supplier (/Users/elaina/.gradle/caches/8.10.2/md-supplier).
2025-06-04T11:14:55.116+1200 [DEBUG] [org.gradle.cache.internal.LockOnDemandCrossProcessCacheAccess] Releasing file lock for Build Output Cleanup Cache (/Users/elaina/Documents/GitHub/BarBuddy/BarBuddy/android/.gradle/buildOutputCleanup)
2025-06-04T11:14:55.116+1200 [DEBUG] [org.gradle.cache.internal.DefaultFileLockManager] Releasing lock on Build Output Cleanup Cache (/Users/elaina/Documents/GitHub/BarBuddy/BarBuddy/android/.gradle/buildOutputCleanup).
2025-06-04T11:14:55.117+1200 [DEBUG] [org.gradle.cache.internal.LockOnDemandCrossProcessCacheAccess] Releasing file lock for cache directory md-rule (/Users/elaina/.gradle/caches/8.10.2/md-rule)
2025-06-04T11:14:55.117+1200 [DEBUG] [org.gradle.cache.internal.DefaultFileLockManager] Releasing lock on cache directory md-rule (/Users/elaina/.gradle/caches/8.10.2/md-rule).
2025-06-04T11:14:55.118+1200 [DEBUG] [org.gradle.api.internal.artifacts.ivyservice.resolveengine.store.ResolutionResultsStoreFactory] Deleted 0 resolution results binary files in 0.0 secs
2025-06-04T11:14:55.118+1200 [DEBUG] [org.gradle.internal.operations.DefaultBuildOperationRunner] Completing Build operation 'Run build'
2025-06-04T11:14:55.118+1200 [DEBUG] [org.gradle.internal.operations.DefaultBuildOperationRunner] Build operation 'Run build' completed
2025-06-04T11:14:55.118+1200 [DEBUG] [org.gradle.internal.resources.AbstractTrackedResourceLock] Daemon worker: released lock on worker lease
2025-06-04T11:14:55.134+1200 [DEBUG] [org.gradle.deployment.internal.DefaultDeploymentRegistry] Stopping 0 deployment handles
2025-06-04T11:14:55.134+1200 [DEBUG] [org.gradle.deployment.internal.DefaultDeploymentRegistry] Stopped deployment handles
2025-06-04T11:14:55.134+1200 [DEBUG] [org.gradle.cache.internal.LockOnDemandCrossProcessCacheAccess] Releasing file lock for file hash cache (/Users/elaina/Documents/GitHub/BarBuddy/BarBuddy/android/.gradle/8.10.2/fileHashes)
2025-06-04T11:14:55.135+1200 [DEBUG] [org.gradle.cache.internal.DefaultFileLockManager] Releasing lock on file hash cache (/Users/elaina/Documents/GitHub/BarBuddy/BarBuddy/android/.gradle/8.10.2/fileHashes).
2025-06-04T11:14:55.135+1200 [DEBUG] [org.gradle.cache.internal.LockOnDemandCrossProcessCacheAccess] Releasing file lock for checksums cache (/Users/elaina/Documents/GitHub/BarBuddy/BarBuddy/android/.gradle/8.10.2/checksums)
2025-06-04T11:14:55.135+1200 [DEBUG] [org.gradle.cache.internal.DefaultFileLockManager] Releasing lock on checksums cache (/Users/elaina/Documents/GitHub/BarBuddy/BarBuddy/android/.gradle/8.10.2/checksums).
2025-06-04T11:14:55.135+1200 [DEBUG] [org.gradle.cache.internal.DefaultCacheCleanupExecutor] VCS Checkout Cache (/Users/elaina/Documents/GitHub/BarBuddy/BarBuddy/android/.gradle/vcs-1) has last been fully cleaned up 1 hours ago
2025-06-04T11:14:55.135+1200 [DEBUG] [org.gradle.cache.internal.DefaultCacheCleanupExecutor] Skipping cleanup for VCS Checkout Cache (/Users/elaina/Documents/GitHub/BarBuddy/BarBuddy/android/.gradle/vcs-1) as it is not yet due
2025-06-04T11:14:55.135+1200 [DEBUG] [org.gradle.cache.internal.DefaultCacheCoordinator] Cache VCS Checkout Cache (/Users/elaina/Documents/GitHub/BarBuddy/BarBuddy/android/.gradle/vcs-1) was closed 0 times.
2025-06-04T11:14:55.135+1200 [DEBUG] [org.gradle.cache.internal.DefaultCacheCoordinator] Cache VCS metadata (/Users/elaina/Documents/GitHub/BarBuddy/BarBuddy/android/.gradle/8.10.2/vcsMetadata) was closed 0 times.
2025-06-04T11:14:55.135+1200 [DEBUG] [org.gradle.cache.internal.DefaultCacheCoordinator] Cache Compressed Files Expansion Cache (/Users/elaina/Documents/GitHub/BarBuddy/BarBuddy/android/.gradle/8.10.2/expanded) was closed 0 times.
2025-06-04T11:14:55.136+1200 [DEBUG] [org.gradle.internal.operations.DefaultBuildOperationRunner] Build operation 'Deleting unused version-specific caches in /Users/elaina/Documents/GitHub/BarBuddy/BarBuddy/android/.gradle' started
2025-06-04T11:14:55.136+1200 [DEBUG] [org.gradle.internal.operations.DefaultBuildOperationRunner] Completing Build operation 'Deleting unused version-specific caches in /Users/elaina/Documents/GitHub/BarBuddy/BarBuddy/android/.gradle'
2025-06-04T11:14:55.136+1200 [DEBUG] [org.gradle.internal.operations.DefaultBuildOperationRunner] Build operation 'Deleting unused version-specific caches in /Users/elaina/Documents/GitHub/BarBuddy/BarBuddy/android/.gradle' completed
2025-06-04T11:14:55.140+1200 [DEBUG] [org.gradle.launcher.daemon.server.exec.ExecuteBuild] The daemon has finished executing the build.
2025-06-04T11:14:55.158+1200 [DEBUG] [org.gradle.launcher.daemon.client.DaemonClientConnection] thread 1: dispatching class org.gradle.launcher.daemon.protocol.CloseInput
2025-06-04T11:14:55.158+1200 [DEBUG] [org.gradle.launcher.daemon.client.DaemonClient] Received result Success[value=org.gradle.launcher.exec.BuildActionResult@5b080f3a] from daemon DaemonInfo{pid=11001, address=[b676c8ac-cffe-4153-934c-2e56c02a2672 port:61696, addresses:[/127.0.0.1]], state=Busy, lastBusy=1748992494229, context=DefaultDaemonContext[uid=f53197c6-4104-4957-ae2f-33127982d3ea,javaHome=/Library/Java/JavaVirtualMachines/jdk-17.jdk/Contents/Home,javaVersion=17,javaVendor=Oracle Corporation,daemonRegistryDir=/Users/elaina/.gradle/daemon,pid=11001,idleTimeout=120000,priority=NORMAL,applyInstrumentationAgent=true,nativeServicesMode=ENABLED,daemonOpts=-XX:MaxMetaspaceSize=512m,--add-opens=java.base/java.util=ALL-UNNAMED,--add-opens=java.base/java.lang=ALL-UNNAMED,--add-opens=java.base/java.lang.invoke=ALL-UNNAMED,--add-opens=java.prefs/java.util.prefs=ALL-UNNAMED,--add-exports=jdk.compiler/com.sun.tools.javac.api=ALL-UNNAMED,--add-exports=jdk.compiler/com.sun.tools.javac.util=ALL-UNNAMED,--add-opens=java.base/java.nio.charset=ALL-UNNAMED,--add-opens=java.base/java.net=ALL-UNNAMED,--add-opens=java.base/java.util.concurrent.atomic=ALL-UNNAMED,-Xmx2048m,-Dfile.encoding=UTF-8,-Duser.country=NZ,-Duser.language=en,-Duser.variant]} (build should be done).
2025-06-04T11:14:55.158+1200 [DEBUG] [org.gradle.launcher.daemon.client.DaemonClientConnection] thread 1: dispatching class org.gradle.launcher.daemon.protocol.Finished
2025-06-04T11:14:55.159+1200 [LIFECYCLE] [org.gradle.launcher.cli.DebugLoggerWarningAction] 
#############################################################################
   WARNING WARNING WARNING WARNING WARNING WARNING WARNING WARNING WARNING

   Debug level logging will leak security sensitive information!

   For more details, please refer to https://docs.gradle.org/8.10.2/userguide/logging.html#sec:debug_security in the Gradle documentation.
#############################################################################

